<?xml version="1.0" encoding="UTF-8"?>
<testsuite xmlns:xsi="http://www.w3.org/2001/XMLSchema-instance" xsi:noNamespaceSchemaLocation="https://maven.apache.org/surefire/maven-surefire-plugin/xsd/surefire-test-report.xsd" version="3.0.2" name="org.example.zentrio.ZentrioApplicationTests" time="4.712" tests="1" errors="0" skipped="0" failures="0">
  <properties>
[...]
</properties>
  <testcase name="contextLoads" classname="org.example.zentrio.ZentrioApplicationTests" time="0.485">
    <system-out><![CDATA[17:09:37.952 [main] INFO org.springframework.test.context.support.AnnotationConfigContextLoaderUtils -- Could not detect default configuration classes for test class [org.example.zentrio.ZentrioApplicationTests]: ZentrioApplicationTests does not declare any static, non-private, non-final, nested classes annotated with @Configuration.
17:09:38.069 [main] INFO org.springframework.boot.test.context.SpringBootTestContextBootstrapper -- Found @SpringBootConfiguration org.example.zentrio.ZentrioApplication for test class org.example.zentrio.ZentrioApplicationTests

  .   ____          _            __ _ _
 /\\ / ___'_ __ _ _(_)_ __  __ _ \ \ \ \
( ( )\___ | '_ | '_| | '_ \/ _` | \ \ \ \
 \\/  ___)| |_)| | | | | || (_| |  ) ) ) )
  '  |____| .__|_| |_|_| |_\__, | / / / /
 =========|_|==============|___/=/_/_/_/

 :: Spring Boot ::                (v3.4.5)

2025-05-29T17:09:38.412+07:00  INFO 7844 --- [Zentrio] [           main] o.e.zentrio.ZentrioApplicationTests      : Starting ZentrioApplicationTests using Java 23.0.1 with PID 7844 (started by ADMIN in D:\Spring\Final Project\zentrio-api)
2025-05-29T17:09:38.413+07:00  INFO 7844 --- [Zentrio] [           main] o.e.zentrio.ZentrioApplicationTests      : No active profile set, falling back to 1 default profile: "default"
2025-05-29T17:09:39.356+07:00  INFO 7844 --- [Zentrio] [           main] .s.d.r.c.RepositoryConfigurationDelegate : Multiple Spring Data modules found, entering strict repository configuration mode
2025-05-29T17:09:39.357+07:00  INFO 7844 --- [Zentrio] [           main] .s.d.r.c.RepositoryConfigurationDelegate : Bootstrapping Spring Data Redis repositories in DEFAULT mode.
2025-05-29T17:09:39.396+07:00  INFO 7844 --- [Zentrio] [           main] .s.d.r.c.RepositoryConfigurationDelegate : Finished Spring Data repository scanning in 23 ms. Found 0 Redis repository interfaces.
2025-05-29T17:09:39.876+07:00  INFO 7844 --- [Zentrio] [           main] com.zaxxer.hikari.HikariDataSource       : HikariPool-1 - Starting...
2025-05-29T17:09:40.056+07:00  INFO 7844 --- [Zentrio] [           main] com.zaxxer.hikari.pool.HikariPool        : HikariPool-1 - Added connection org.postgresql.jdbc.PgConnection@49038f97
2025-05-29T17:09:40.058+07:00  INFO 7844 --- [Zentrio] [           main] com.zaxxer.hikari.HikariDataSource       : HikariPool-1 - Start completed.
2025-05-29T17:09:40.326+07:00  INFO 7844 --- [Zentrio] [           main] r$InitializeUserDetailsManagerConfigurer : Global AuthenticationManager configured with UserDetailsService bean with name appUserServiceImpl
2025-05-29T17:09:41.289+07:00  INFO 7844 --- [Zentrio] [           main] o.s.b.a.w.s.WelcomePageHandlerMapping    : Adding welcome page template: index
2025-05-29T17:09:42.039+07:00  INFO 7844 --- [Zentrio] [           main] o.e.zentrio.ZentrioApplicationTests      : Started ZentrioApplicationTests in 3.858 seconds (process running for 4.693)
]]></system-out>
    <system-err><![CDATA[Mockito is currently self-attaching to enable the inline-mock-maker. This will no longer work in future releases of the JDK. Please add Mockito as an agent to your build what is described in Mockito's documentation: https://javadoc.io/doc/org.mockito/mockito-core/latest/org/mockito/Mockito.html#0.3
WARNING: A Java agent has been loaded dynamically (C:\Users\ADMIN\.m2\repository\net\bytebuddy\byte-buddy-agent\1.15.11\byte-buddy-agent-1.15.11.jar)
WARNING: If a serviceability tool is in use, please run with -XX:+EnableDynamicAgentLoading to hide this warning
WARNING: If a serviceability tool is not in use, please run with -Djdk.instrument.traceUsage for more information
WARNING: Dynamic loading of agents will be disallowed by default in a future release
]]></system-err>
  </testcase>
</testsuite>